app/build/outputs/logs/manifest-merger-debug-report.txt
-- Merging decision tree log ---
manifest
ADDED from src/main/AndroidManifest.xml:2:1-41:12
INJECTED from src/main/AndroidManifest.xml:2:1-41:12
INJECTED from src/main/AndroidManifest.xml:2:1-41:12
INJECTED from src/main/AndroidManifest.xml:2:1-41:12
MERGED from [com.amitshekhar.android:debug-db:1.0.4] AndroidManifest.xml:20:1-40:12
MERGED from [com.android.support:appcompat-v7:28.0.0] AndroidManifest.xml:17:1-22:12
MERGED from [net.zetetic:android-database-sqlcipher:3.5.7] AndroidManifest.xml:2:1-4:12
MERGED from [android.arch.persistence.room:runtime:1.1.0] AndroidManifest.xml:17:1-22:12
MERGED from [com.android.support:support-fragment:28.0.0] AndroidManifest.xml:17:1-22:12
MERGED from [com.android.support:animated-vector-drawable:28.0.0] AndroidManifest.xml:17:1-22:12
MERGED from [com.android.support:support-core-ui:28.0.0] AndroidManifest.xml:17:1-22:12
MERGED from [com.android.support:support-core-utils:28.0.0] AndroidManifest.xml:17:1-22:12
MERGED from [com.android.support:support-vector-drawable:28.0.0] AndroidManifest.xml:17:1-22:12
MERGED from [com.android.support:loader:28.0.0] AndroidManifest.xml:17:1-22:12
MERGED from [com.android.support:viewpager:28.0.0] AndroidManifest.xml:17:1-22:12
MERGED from [com.android.support:coordinatorlayout:28.0.0] AndroidManifest.xml:17:1-22:12
MERGED from [com.android.support:drawerlayout:28.0.0] AndroidManifest.xml:17:1-22:12
MERGED from [com.android.support:slidingpanelayout:28.0.0] AndroidManifest.xml:17:1-22:12
MERGED from [com.android.support:customview:28.0.0] AndroidManifest.xml:17:1-22:12
MERGED from [com.android.support:swiperefreshlayout:28.0.0] AndroidManifest.xml:17:1-22:12
MERGED from [com.android.support:asynclayoutinflater:28.0.0] AndroidManifest.xml:17:1-22:12
MERGED from [com.android.support:support-compat:28.0.0] AndroidManifest.xml:17:1-24:12
MERGED from [com.android.support:versionedparcelable:28.0.0] AndroidManifest.xml:17:1-25:12
MERGED from [com.android.support:cursoradapter:28.0.0] AndroidManifest.xml:17:1-22:12
MERGED from [android.arch.persistence:db-framework:1.1.0] AndroidManifest.xml:17:1-22:12
MERGED from [android.arch.persistence:db:1.1.0] AndroidManifest.xml:17:1-22:12
MERGED from [android.arch.lifecycle:livedata:1.1.1] AndroidManifest.xml:17:1-22:12
MERGED from [android.arch.lifecycle:livedata-core:1.1.1] AndroidManifest.xml:17:1-22:12
MERGED from [android.arch.core:runtime:1.1.1] AndroidManifest.xml:17:1-22:12
MERGED from [android.arch.lifecycle:runtime:1.1.1] AndroidManifest.xml:17:1-22:12
MERGED from [com.android.support:documentfile:28.0.0] AndroidManifest.xml:17:1-22:12
MERGED from [com.android.support:localbroadcastmanager:28.0.0] AndroidManifest.xml:17:1-22:12
MERGED from [com.android.support:print:28.0.0] AndroidManifest.xml:17:1-22:12
MERGED from [android.arch.lifecycle:viewmodel:1.1.1] AndroidManifest.xml:17:1-22:12
MERGED from [com.android.support:interpolator:28.0.0] AndroidManifest.xml:17:1-22:12
INJECTED from src/main/AndroidManifest.xml:2:1-41:12
INJECTED from src/main/AndroidManifest.xml:2:1-41:12
INJECTED from src/main/AndroidManifest.xml:2:1-41:12
	package
		ADDED from src/main/AndroidManifest.xml:3:58-87
		INJECTED from src/main/AndroidManifest.xml
		INJECTED from src/main/AndroidManifest.xml
	android:versionName
		INJECTED from src/main/AndroidManifest.xml
		ADDED from src/main/AndroidManifest.xml:2:1-41:12
		INJECTED from src/main/AndroidManifest.xml
	xmlns:tools
		ADDED from src/main/AndroidManifest.xml:3:11-57
	android:versionCode
		INJECTED from src/main/AndroidManifest.xml
		ADDED from src/main/AndroidManifest.xml:2:1-41:12
		INJECTED from src/main/AndroidManifest.xml
	xmlns:android
		ADDED from src/main/AndroidManifest.xml:2:11-69
uses-permission#android.permission.RECEIVE_SMS
ADDED from src/main/AndroidManifest.xml:4:5-69
	android:name
		ADDED from src/main/AndroidManifest.xml:4:22-67
uses-permission#android.permission.READ_SMS
ADDED from src/main/AndroidManifest.xml:5:5-67
	android:name
		ADDED from src/main/AndroidManifest.xml:5:22-64
uses-permission#android.permission.SEND_SMS
ADDED from src/main/AndroidManifest.xml:6:5-66
	android:name
		ADDED from src/main/AndroidManifest.xml:6:22-64
uses-permission#android.permission.RECEIVE_BOOT_COMPLETED
ADDED from src/main/AndroidManifest.xml:7:5-81
	android:name
		ADDED from src/main/AndroidManifest.xml:7:22-78
uses-permission#android.permission.INTERNET
ADDED from src/main/AndroidManifest.xml:8:5-66
MERGED from [com.amitshekhar.android:debug-db:1.0.4] AndroidManifest.xml:29:5-67
MERGED from [com.amitshekhar.android:debug-db:1.0.4] AndroidManifest.xml:29:5-67
	android:name
		ADDED from src/main/AndroidManifest.xml:8:22-64
application
ADDED from src/main/AndroidManifest.xml:9:5-39:19
MERGED from [com.amitshekhar.android:debug-db:1.0.4] AndroidManifest.xml:32:5-38:19
MERGED from [com.amitshekhar.android:debug-db:1.0.4] AndroidManifest.xml:32:5-38:19
MERGED from [com.android.support:support-compat:28.0.0] AndroidManifest.xml:22:5-94
MERGED from [com.android.support:support-compat:28.0.0] AndroidManifest.xml:22:5-94
MERGED from [com.android.support:versionedparcelable:28.0.0] AndroidManifest.xml:22:5-23:19
MERGED from [com.android.support:versionedparcelable:28.0.0] AndroidManifest.xml:22:5-23:19
	android:appComponentFactory
		ADDED from [com.android.support:support-compat:28.0.0] AndroidManifest.xml:22:18-91
	android:supportsRtl
		ADDED from src/main/AndroidManifest.xml:14:13-39
	android:label
		ADDED from src/main/AndroidManifest.xml:12:13-45
	tools:ignore
		ADDED from src/main/AndroidManifest.xml:15:45-84
	android:roundIcon
		ADDED from src/main/AndroidManifest.xml:13:13-58
	android:icon
		ADDED from src/main/AndroidManifest.xml:11:13-47
	android:allowBackup
		ADDED from src/main/AndroidManifest.xml:10:13-39
	android:theme
		ADDED from src/main/AndroidManifest.xml:15:13-44
activity#com.simon.smsbackup.Activity.MainActivity
ADDED from src/main/AndroidManifest.xml:16:9-22:20
	android:name
		ADDED from src/main/AndroidManifest.xml:16:19-56
intent-filter#action:name:android.intent.action.MAIN+category:name:android.intent.category.LAUNCHER
ADDED from src/main/AndroidManifest.xml:17:13-21:29
action#android.intent.action.MAIN
ADDED from src/main/AndroidManifest.xml:18:17-68
	android:name
		ADDED from src/main/AndroidManifest.xml:18:25-66
category#android.intent.category.LAUNCHER
ADDED from src/main/AndroidManifest.xml:20:17-76
	android:name
		ADDED from src/main/AndroidManifest.xml:20:27-74
service#com.simon.smsbackup.JobSchedulerService
ADDED from src/main/AndroidManifest.xml:23:9-25:43
	android:exported
		ADDED from src/main/AndroidManifest.xml:25:18-41
	android:permission
		ADDED from src/main/AndroidManifest.xml:24:18-74
	android:name
		ADDED from src/main/AndroidManifest.xml:23:18-53
receiver#com.simon.smsbackup.Receiver.BootCompletedReceiver
ADDED from src/main/AndroidManifest.xml:26:9-30:20
	android:exported
		ADDED from src/main/AndroidManifest.xml:26:67-90
	android:name
		ADDED from src/main/AndroidManifest.xml:26:19-65
intent-filter#action:name:android.intent.action.BOOT_COMPLETED
ADDED from src/main/AndroidManifest.xml:27:13-29:29
action#android.intent.action.BOOT_COMPLETED
ADDED from src/main/AndroidManifest.xml:28:17-78
	android:name
		ADDED from src/main/AndroidManifest.xml:28:25-76
receiver#com.simon.smsbackup.Receiver.SMSReceiver
ADDED from src/main/AndroidManifest.xml:31:9-38:20
	android:exported
		ADDED from src/main/AndroidManifest.xml:32:19-42
	android:permission
		ADDED from src/main/AndroidManifest.xml:33:19-72
	android:name
		ADDED from src/main/AndroidManifest.xml:31:19-55
intent-filter#action:name:android.provider.Telephony.SMS_RECEIVED
ADDED from src/main/AndroidManifest.xml:34:13-37:29
	android:priority
		ADDED from src/main/AndroidManifest.xml:35:21-43
action#android.provider.Telephony.SMS_RECEIVED
ADDED from src/main/AndroidManifest.xml:36:17-82
	android:name
		ADDED from src/main/AndroidManifest.xml:36:25-79
uses-sdk
INJECTED from src/main/AndroidManifest.xml reason: use-sdk injection requested
INJECTED from src/main/AndroidManifest.xml
INJECTED from src/main/AndroidManifest.xml
MERGED from [com.amitshekhar.android:debug-db:1.0.4] AndroidManifest.xml:25:5-27:41
MERGED from [com.amitshekhar.android:debug-db:1.0.4] AndroidManifest.xml:25:5-27:41
MERGED from [com.android.support:appcompat-v7:28.0.0] AndroidManifest.xml:20:5-44
MERGED from [com.android.support:appcompat-v7:28.0.0] AndroidManifest.xml:20:5-44
MERGED from [net.zetetic:android-database-sqlcipher:3.5.7] AndroidManifest.xml:3:3-40
MERGED from [net.zetetic:android-database-sqlcipher:3.5.7] AndroidManifest.xml:3:3-40
MERGED from [android.arch.persistence.room:runtime:1.1.0] AndroidManifest.xml:20:5-44
MERGED from [android.arch.persistence.room:runtime:1.1.0] AndroidManifest.xml:20:5-44
MERGED from [com.android.support:support-fragment:28.0.0] AndroidManifest.xml:20:5-44
MERGED from [com.android.support:support-fragment:28.0.0] AndroidManifest.xml:20:5-44
MERGED from [com.android.support:animated-vector-drawable:28.0.0] AndroidManifest.xml:20:5-44
MERGED from [com.android.support:animated-vector-drawable:28.0.0] AndroidManifest.xml:20:5-44
MERGED from [com.android.support:support-core-ui:28.0.0] AndroidManifest.xml:20:5-44
MERGED from [com.android.support:support-core-ui:28.0.0] AndroidManifest.xml:20:5-44
MERGED from [com.android.support:support-core-utils:28.0.0] AndroidManifest.xml:20:5-44
MERGED from [com.android.support:support-core-utils:28.0.0] AndroidManifest.xml:20:5-44
MERGED from [com.android.support:support-vector-drawable:28.0.0] AndroidManifest.xml:20:5-44
MERGED from [com.android.support:support-vector-drawable:28.0.0] AndroidManifest.xml:20:5-44
MERGED from [com.android.support:loader:28.0.0] AndroidManifest.xml:20:5-44
MERGED from [com.android.support:loader:28.0.0] AndroidManifest.xml:20:5-44
MERGED from [com.android.support:viewpager:28.0.0] AndroidManifest.xml:20:5-44
MERGED from [com.android.support:viewpager:28.0.0] AndroidManifest.xml:20:5-44
MERGED from [com.android.support:coordinatorlayout:28.0.0] AndroidManifest.xml:20:5-44
MERGED from [com.android.support:coordinatorlayout:28.0.0] AndroidManifest.xml:20:5-44
MERGED from [com.android.support:drawerlayout:28.0.0] AndroidManifest.xml:20:5-44
MERGED from [com.android.support:drawerlayout:28.0.0] AndroidManifest.xml:20:5-44
MERGED from [com.android.support:slidingpanelayout:28.0.0] AndroidManifest.xml:20:5-44
MERGED from [com.android.support:slidingpanelayout:28.0.0] AndroidManifest.xml:20:5-44
MERGED from [com.android.support:customview:28.0.0] AndroidManifest.xml:20:5-44
MERGED from [com.android.support:customview:28.0.0] AndroidManifest.xml:20:5-44
MERGED from [com.android.support:swiperefreshlayout:28.0.0] AndroidManifest.xml:20:5-44
MERGED from [com.android.support:swiperefreshlayout:28.0.0] AndroidManifest.xml:20:5-44
MERGED from [com.android.support:asynclayoutinflater:28.0.0] AndroidManifest.xml:20:5-44
MERGED from [com.android.support:asynclayoutinflater:28.0.0] AndroidManifest.xml:20:5-44
MERGED from [com.android.support:support-compat:28.0.0] AndroidManifest.xml:20:5-44
MERGED from [com.android.support:support-compat:28.0.0] AndroidManifest.xml:20:5-44
MERGED from [com.android.support:versionedparcelable:28.0.0] AndroidManifest.xml:20:5-44
MERGED from [com.android.support:versionedparcelable:28.0.0] AndroidManifest.xml:20:5-44
MERGED from [com.android.support:cursoradapter:28.0.0] AndroidManifest.xml:20:5-44
MERGED from [com.android.support:cursoradapter:28.0.0] AndroidManifest.xml:20:5-44
MERGED from [android.arch.persistence:db-framework:1.1.0] AndroidManifest.xml:20:5-44
MERGED from [android.arch.persistence:db-framework:1.1.0] AndroidManifest.xml:20:5-44
MERGED from [android.arch.persistence:db:1.1.0] AndroidManifest.xml:20:5-44
MERGED from [android.arch.persistence:db:1.1.0] AndroidManifest.xml:20:5-44
MERGED from [android.arch.lifecycle:livedata:1.1.1] AndroidManifest.xml:20:5-44
MERGED from [android.arch.lifecycle:livedata:1.1.1] AndroidManifest.xml:20:5-44
MERGED from [android.arch.lifecycle:livedata-core:1.1.1] AndroidManifest.xml:20:5-44
MERGED from [android.arch.lifecycle:livedata-core:1.1.1] AndroidManifest.xml:20:5-44
MERGED from [android.arch.core:runtime:1.1.1] AndroidManifest.xml:20:5-44
MERGED from [android.arch.core:runtime:1.1.1] AndroidManifest.xml:20:5-44
MERGED from [android.arch.lifecycle:runtime:1.1.1] AndroidManifest.xml:20:5-44
MERGED from [android.arch.lifecycle:runtime:1.1.1] AndroidManifest.xml:20:5-44
MERGED from [com.android.support:documentfile:28.0.0] AndroidManifest.xml:20:5-44
MERGED from [com.android.support:documentfile:28.0.0] AndroidManifest.xml:20:5-44
MERGED from [com.android.support:localbroadcastmanager:28.0.0] AndroidManifest.xml:20:5-44
MERGED from [com.android.support:localbroadcastmanager:28.0.0] AndroidManifest.xml:20:5-44
MERGED from [com.android.support:print:28.0.0] AndroidManifest.xml:20:5-44
MERGED from [com.android.support:print:28.0.0] AndroidManifest.xml:20:5-44
MERGED from [android.arch.lifecycle:viewmodel:1.1.1] AndroidManifest.xml:20:5-44
MERGED from [android.arch.lifecycle:viewmodel:1.1.1] AndroidManifest.xml:20:5-44
MERGED from [com.android.support:interpolator:28.0.0] AndroidManifest.xml:20:5-44
MERGED from [com.android.support:interpolator:28.0.0] AndroidManifest.xml:20:5-44
INJECTED from src/main/AndroidManifest.xml
INJECTED from src/main/AndroidManifest.xml
	android:targetSdkVersion
		INJECTED from src/main/AndroidManifest.xml
		ADDED from src/main/AndroidManifest.xml
		INJECTED from src/main/AndroidManifest.xml
	android:minSdkVersion
		INJECTED from src/main/AndroidManifest.xml
		ADDED from src/main/AndroidManifest.xml
		INJECTED from src/main/AndroidManifest.xml
uses-permission#android.permission.ACCESS_WIFI_STATE
ADDED from [com.amitshekhar.android:debug-db:1.0.4] AndroidManifest.xml:30:5-76
	android:name
		ADDED from [com.amitshekhar.android:debug-db:1.0.4] AndroidManifest.xml:30:22-73
provider#com.amitshekhar.DebugDBInitProvider
ADDED from [com.amitshekhar.android:debug-db:1.0.4] AndroidManifest.xml:33:9-37:40
	android:enabled
		ADDED from [com.amitshekhar.android:debug-db:1.0.4] AndroidManifest.xml:36:13-35
	android:authorities
		ADDED from [com.amitshekhar.android:debug-db:1.0.4] AndroidManifest.xml:35:13-71
	android:exported
		ADDED from [com.amitshekhar.android:debug-db:1.0.4] AndroidManifest.xml:37:13-37
	android:name
		ADDED from [com.amitshekhar.android:debug-db:1.0.4] AndroidManifest.xml:34:13-63